1676234165.729140 client started (1184593): version 3.3a, socket /tmp/tmux-1000/default, protocol 8
1676234165.729156 on Linux 6.1.10-arch1-1 #1 SMP PREEMPT_DYNAMIC Mon, 06 Feb 2023 09:28:04 +0000
1676234165.729165 using libevent 2.1.12-stable (poll); ncurses 6.4
1676234165.729175 flags are 0x18010000
1676234165.729177 socket is /tmp/tmux-1000/default
1676234165.729183 trying connect
1676234165.729189 connect failed: Connection refused
1676234165.729194 lock file is /tmp/tmux-1000/default.lock
1676234165.729207 flock succeeded
1676234165.729212 got lock (6)
1676234165.729216 trying connect
1676234165.729221 connect failed: Connection refused
1676234165.729358 add peer 0x56510566b1a0: 7 ((nil))
1676234165.729584 sending message 100 to peer 0x56510566b1a0 (4 bytes)
1676234165.729589 sending message 111 to peer 0x56510566b1a0 (8 bytes)
1676234165.729593 sending message 101 to peer 0x56510566b1a0 (12 bytes)
1676234165.729596 sending message 109 to peer 0x56510566b1a0 (4 bytes)
1676234165.729598 sending message 102 to peer 0x56510566b1a0 (11 bytes)
1676234165.729601 sending message 108 to peer 0x56510566b1a0 (30 bytes)
1676234165.729604 sending message 112 to peer 0x56510566b1a0 (70 bytes)
1676234165.729607 sending message 112 to peer 0x56510566b1a0 (5 bytes)
1676234165.729610 sending message 112 to peer 0x56510566b1a0 (6 bytes)
1676234165.729613 sending message 112 to peer 0x56510566b1a0 (6 bytes)
1676234165.729616 sending message 112 to peer 0x56510566b1a0 (10 bytes)
1676234165.729618 sending message 112 to peer 0x56510566b1a0 (13 bytes)
1676234165.729621 sending message 112 to peer 0x56510566b1a0 (14 bytes)
1676234165.729623 sending message 112 to peer 0x56510566b1a0 (19 bytes)
1676234165.729626 sending message 112 to peer 0x56510566b1a0 (11 bytes)
1676234165.729628 sending message 112 to peer 0x56510566b1a0 (21 bytes)
1676234165.729631 sending message 112 to peer 0x56510566b1a0 (13 bytes)
1676234165.729634 sending message 112 to peer 0x56510566b1a0 (7 bytes)
1676234165.729636 sending message 112 to peer 0x56510566b1a0 (13 bytes)
1676234165.729639 sending message 112 to peer 0x56510566b1a0 (7 bytes)
1676234165.729642 sending message 112 to peer 0x56510566b1a0 (13 bytes)
1676234165.729644 sending message 112 to peer 0x56510566b1a0 (9 bytes)
1676234165.729647 sending message 112 to peer 0x56510566b1a0 (21 bytes)
1676234165.729649 sending message 112 to peer 0x56510566b1a0 (13 bytes)
1676234165.729652 sending message 112 to peer 0x56510566b1a0 (9 bytes)
1676234165.729655 sending message 112 to peer 0x56510566b1a0 (16 bytes)
1676234165.729657 sending message 112 to peer 0x56510566b1a0 (13 bytes)
1676234165.729660 sending message 112 to peer 0x56510566b1a0 (9 bytes)
1676234165.729662 sending message 112 to peer 0x56510566b1a0 (9 bytes)
1676234165.729665 sending message 112 to peer 0x56510566b1a0 (12 bytes)
1676234165.729668 sending message 112 to peer 0x56510566b1a0 (8 bytes)
1676234165.729671 sending message 112 to peer 0x56510566b1a0 (13 bytes)
1676234165.729674 sending message 112 to peer 0x56510566b1a0 (7 bytes)
1676234165.729676 sending message 112 to peer 0x56510566b1a0 (7 bytes)
1676234165.729679 sending message 112 to peer 0x56510566b1a0 (9 bytes)
1676234165.729682 sending message 112 to peer 0x56510566b1a0 (6 bytes)
1676234165.729685 sending message 112 to peer 0x56510566b1a0 (9 bytes)
1676234165.729688 sending message 112 to peer 0x56510566b1a0 (15 bytes)
1676234165.729691 sending message 112 to peer 0x56510566b1a0 (13 bytes)
1676234165.729694 sending message 112 to peer 0x56510566b1a0 (12 bytes)
1676234165.729696 sending message 112 to peer 0x56510566b1a0 (8 bytes)
1676234165.729699 sending message 112 to peer 0x56510566b1a0 (14 bytes)
1676234165.729702 sending message 112 to peer 0x56510566b1a0 (9 bytes)
1676234165.729705 sending message 112 to peer 0x56510566b1a0 (10 bytes)
1676234165.729708 sending message 112 to peer 0x56510566b1a0 (10 bytes)
1676234165.729710 sending message 112 to peer 0x56510566b1a0 (10 bytes)
1676234165.729714 sending message 112 to peer 0x56510566b1a0 (10 bytes)
1676234165.729719 sending message 112 to peer 0x56510566b1a0 (11 bytes)
1676234165.729731 sending message 112 to peer 0x56510566b1a0 (12 bytes)
1676234165.729736 sending message 112 to peer 0x56510566b1a0 (12 bytes)
1676234165.729741 sending message 112 to peer 0x56510566b1a0 (12 bytes)
1676234165.729745 sending message 112 to peer 0x56510566b1a0 (12 bytes)
1676234165.729748 sending message 112 to peer 0x56510566b1a0 (12 bytes)
1676234165.729751 sending message 112 to peer 0x56510566b1a0 (11 bytes)
1676234165.729754 sending message 112 to peer 0x56510566b1a0 (11 bytes)
1676234165.729757 sending message 112 to peer 0x56510566b1a0 (12 bytes)
1676234165.729760 sending message 112 to peer 0x56510566b1a0 (12 bytes)
1676234165.729763 sending message 112 to peer 0x56510566b1a0 (12 bytes)
1676234165.729765 sending message 112 to peer 0x56510566b1a0 (12 bytes)
1676234165.729769 sending message 112 to peer 0x56510566b1a0 (12 bytes)
1676234165.729771 sending message 112 to peer 0x56510566b1a0 (9 bytes)
1676234165.729774 sending message 112 to peer 0x56510566b1a0 (12 bytes)
1676234165.729777 sending message 112 to peer 0x56510566b1a0 (13 bytes)
1676234165.729780 sending message 112 to peer 0x56510566b1a0 (13 bytes)
1676234165.729782 sending message 112 to peer 0x56510566b1a0 (13 bytes)
1676234165.729785 sending message 112 to peer 0x56510566b1a0 (13 bytes)
1676234165.729788 sending message 112 to peer 0x56510566b1a0 (13 bytes)
1676234165.729790 sending message 112 to peer 0x56510566b1a0 (8 bytes)
1676234165.729793 sending message 112 to peer 0x56510566b1a0 (11 bytes)
1676234165.729796 sending message 112 to peer 0x56510566b1a0 (11 bytes)
1676234165.729798 sending message 112 to peer 0x56510566b1a0 (11 bytes)
1676234165.729801 sending message 112 to peer 0x56510566b1a0 (12 bytes)
1676234165.729804 sending message 112 to peer 0x56510566b1a0 (12 bytes)
1676234165.729806 sending message 112 to peer 0x56510566b1a0 (13 bytes)
1676234165.729809 sending message 112 to peer 0x56510566b1a0 (12 bytes)
1676234165.729812 sending message 112 to peer 0x56510566b1a0 (13 bytes)
1676234165.729814 sending message 112 to peer 0x56510566b1a0 (13 bytes)
1676234165.729817 sending message 112 to peer 0x56510566b1a0 (13 bytes)
1676234165.729820 sending message 112 to peer 0x56510566b1a0 (8 bytes)
1676234165.729823 sending message 112 to peer 0x56510566b1a0 (13 bytes)
1676234165.729825 sending message 112 to peer 0x56510566b1a0 (13 bytes)
1676234165.729828 sending message 112 to peer 0x56510566b1a0 (13 bytes)
1676234165.729831 sending message 112 to peer 0x56510566b1a0 (13 bytes)
1676234165.729834 sending message 112 to peer 0x56510566b1a0 (13 bytes)
1676234165.729837 sending message 112 to peer 0x56510566b1a0 (12 bytes)
1676234165.729840 sending message 112 to peer 0x56510566b1a0 (12 bytes)
1676234165.729843 sending message 112 to peer 0x56510566b1a0 (13 bytes)
1676234165.729845 sending message 112 to peer 0x56510566b1a0 (12 bytes)
1676234165.729848 sending message 112 to peer 0x56510566b1a0 (13 bytes)
1676234165.729851 sending message 112 to peer 0x56510566b1a0 (8 bytes)
1676234165.729854 sending message 112 to peer 0x56510566b1a0 (13 bytes)
1676234165.729857 sending message 112 to peer 0x56510566b1a0 (13 bytes)
1676234165.729859 sending message 112 to peer 0x56510566b1a0 (13 bytes)
1676234165.729862 sending message 112 to peer 0x56510566b1a0 (13 bytes)
1676234165.729865 sending message 112 to peer 0x56510566b1a0 (13 bytes)
1676234165.729868 sending message 112 to peer 0x56510566b1a0 (13 bytes)
1676234165.729870 sending message 112 to peer 0x56510566b1a0 (13 bytes)
1676234165.729874 sending message 112 to peer 0x56510566b1a0 (12 bytes)
1676234165.729879 sending message 112 to peer 0x56510566b1a0 (12 bytes)
1676234165.729882 sending message 112 to peer 0x56510566b1a0 (13 bytes)
1676234165.729886 sending message 112 to peer 0x56510566b1a0 (8 bytes)
1676234165.729891 sending message 112 to peer 0x56510566b1a0 (12 bytes)
1676234165.729895 sending message 112 to peer 0x56510566b1a0 (13 bytes)
1676234165.729899 sending message 112 to peer 0x56510566b1a0 (13 bytes)
1676234165.729903 sending message 112 to peer 0x56510566b1a0 (13 bytes)
1676234165.729912 sending message 112 to peer 0x56510566b1a0 (13 bytes)
1676234165.729916 sending message 112 to peer 0x56510566b1a0 (13 bytes)
1676234165.729918 sending message 112 to peer 0x56510566b1a0 (13 bytes)
1676234165.729921 sending message 112 to peer 0x56510566b1a0 (13 bytes)
1676234165.729924 sending message 112 to peer 0x56510566b1a0 (13 bytes)
1676234165.729927 sending message 112 to peer 0x56510566b1a0 (12 bytes)
1676234165.729930 sending message 112 to peer 0x56510566b1a0 (10 bytes)
1676234165.729933 sending message 112 to peer 0x56510566b1a0 (12 bytes)
1676234165.729935 sending message 112 to peer 0x56510566b1a0 (13 bytes)
1676234165.729938 sending message 112 to peer 0x56510566b1a0 (12 bytes)
1676234165.729941 sending message 112 to peer 0x56510566b1a0 (13 bytes)
1676234165.729944 sending message 112 to peer 0x56510566b1a0 (13 bytes)
1676234165.729947 sending message 112 to peer 0x56510566b1a0 (13 bytes)
1676234165.729950 sending message 112 to peer 0x56510566b1a0 (13 bytes)
1676234165.729952 sending message 112 to peer 0x56510566b1a0 (13 bytes)
1676234165.729955 sending message 112 to peer 0x56510566b1a0 (13 bytes)
1676234165.729958 sending message 112 to peer 0x56510566b1a0 (13 bytes)
1676234165.729961 sending message 112 to peer 0x56510566b1a0 (10 bytes)
1676234165.729963 sending message 112 to peer 0x56510566b1a0 (13 bytes)
1676234165.729966 sending message 112 to peer 0x56510566b1a0 (12 bytes)
1676234165.729969 sending message 112 to peer 0x56510566b1a0 (12 bytes)
1676234165.729971 sending message 112 to peer 0x56510566b1a0 (13 bytes)
1676234165.729974 sending message 112 to peer 0x56510566b1a0 (10 bytes)
1676234165.729977 sending message 112 to peer 0x56510566b1a0 (10 bytes)
1676234165.729980 sending message 112 to peer 0x56510566b1a0 (10 bytes)
1676234165.729982 sending message 112 to peer 0x56510566b1a0 (12 bytes)
1676234165.729985 sending message 112 to peer 0x56510566b1a0 (13 bytes)
1676234165.729988 sending message 112 to peer 0x56510566b1a0 (13 bytes)
1676234165.729991 sending message 112 to peer 0x56510566b1a0 (13 bytes)
1676234165.729993 sending message 112 to peer 0x56510566b1a0 (13 bytes)
1676234165.729996 sending message 112 to peer 0x56510566b1a0 (13 bytes)
1676234165.729999 sending message 112 to peer 0x56510566b1a0 (10 bytes)
1676234165.730001 sending message 112 to peer 0x56510566b1a0 (11 bytes)
1676234165.730004 sending message 112 to peer 0x56510566b1a0 (12 bytes)
1676234165.730007 sending message 112 to peer 0x56510566b1a0 (12 bytes)
1676234165.730010 sending message 112 to peer 0x56510566b1a0 (12 bytes)
1676234165.730012 sending message 112 to peer 0x56510566b1a0 (12 bytes)
1676234165.730015 sending message 112 to peer 0x56510566b1a0 (12 bytes)
1676234165.730018 sending message 112 to peer 0x56510566b1a0 (11 bytes)
1676234165.730021 sending message 112 to peer 0x56510566b1a0 (12 bytes)
1676234165.730023 sending message 112 to peer 0x56510566b1a0 (12 bytes)
1676234165.730026 sending message 112 to peer 0x56510566b1a0 (13 bytes)
1676234165.730029 sending message 112 to peer 0x56510566b1a0 (13 bytes)
1676234165.730032 sending message 112 to peer 0x56510566b1a0 (13 bytes)
1676234165.730034 sending message 112 to peer 0x56510566b1a0 (13 bytes)
1676234165.730037 sending message 112 to peer 0x56510566b1a0 (13 bytes)
1676234165.730040 sending message 112 to peer 0x56510566b1a0 (10 bytes)
1676234165.730043 sending message 112 to peer 0x56510566b1a0 (9 bytes)
1676234165.730045 sending message 112 to peer 0x56510566b1a0 (12 bytes)
1676234165.730049 sending message 112 to peer 0x56510566b1a0 (13 bytes)
1676234165.730051 sending message 112 to peer 0x56510566b1a0 (13 bytes)
1676234165.730054 sending message 112 to peer 0x56510566b1a0 (13 bytes)
1676234165.730057 sending message 112 to peer 0x56510566b1a0 (13 bytes)
1676234165.730060 sending message 112 to peer 0x56510566b1a0 (13 bytes)
1676234165.730063 sending message 112 to peer 0x56510566b1a0 (9 bytes)
1676234165.730065 sending message 112 to peer 0x56510566b1a0 (12 bytes)
1676234165.730068 sending message 112 to peer 0x56510566b1a0 (13 bytes)
1676234165.730074 sending message 112 to peer 0x56510566b1a0 (13 bytes)
1676234165.730076 sending message 112 to peer 0x56510566b1a0 (13 bytes)
1676234165.730079 sending message 112 to peer 0x56510566b1a0 (13 bytes)
1676234165.730082 sending message 112 to peer 0x56510566b1a0 (13 bytes)
1676234165.730085 sending message 112 to peer 0x56510566b1a0 (11 bytes)
1676234165.730087 sending message 112 to peer 0x56510566b1a0 (12 bytes)
1676234165.730090 sending message 112 to peer 0x56510566b1a0 (13 bytes)
1676234165.730093 sending message 112 to peer 0x56510566b1a0 (13 bytes)
1676234165.730096 sending message 112 to peer 0x56510566b1a0 (13 bytes)
1676234165.730099 sending message 112 to peer 0x56510566b1a0 (13 bytes)
1676234165.730102 sending message 112 to peer 0x56510566b1a0 (13 bytes)
1676234165.730105 sending message 112 to peer 0x56510566b1a0 (11 bytes)
1676234165.730107 sending message 112 to peer 0x56510566b1a0 (12 bytes)
1676234165.730110 sending message 112 to peer 0x56510566b1a0 (12 bytes)
1676234165.730113 sending message 112 to peer 0x56510566b1a0 (12 bytes)
1676234165.730116 sending message 112 to peer 0x56510566b1a0 (12 bytes)
1676234165.730119 sending message 112 to peer 0x56510566b1a0 (12 bytes)
1676234165.730121 sending message 112 to peer 0x56510566b1a0 (12 bytes)
1676234165.730124 sending message 112 to peer 0x56510566b1a0 (9 bytes)
1676234165.730127 sending message 112 to peer 0x56510566b1a0 (6 bytes)
1676234165.730129 sending message 112 to peer 0x56510566b1a0 (13 bytes)
1676234165.730132 sending message 112 to peer 0x56510566b1a0 (10 bytes)
1676234165.730135 sending message 112 to peer 0x56510566b1a0 (15 bytes)
1676234165.730138 sending message 112 to peer 0x56510566b1a0 (11 bytes)
1676234165.730141 sending message 112 to peer 0x56510566b1a0 (70 bytes)
1676234165.730143 sending message 112 to peer 0x56510566b1a0 (69 bytes)
1676234165.730146 sending message 112 to peer 0x56510566b1a0 (34 bytes)
1676234165.730149 sending message 112 to peer 0x56510566b1a0 (34 bytes)
1676234165.730152 sending message 112 to peer 0x56510566b1a0 (12 bytes)
1676234165.730155 sending message 112 to peer 0x56510566b1a0 (10 bytes)
1676234165.730158 sending message 112 to peer 0x56510566b1a0 (10 bytes)
1676234165.730161 sending message 112 to peer 0x56510566b1a0 (15 bytes)
1676234165.730163 sending message 112 to peer 0x56510566b1a0 (11 bytes)
1676234165.730166 sending message 112 to peer 0x56510566b1a0 (10 bytes)
1676234165.730169 sending message 112 to peer 0x56510566b1a0 (10 bytes)
1676234165.730171 sending message 112 to peer 0x56510566b1a0 (17 bytes)
1676234165.730174 sending message 112 to peer 0x56510566b1a0 (10 bytes)
1676234165.730177 sending message 112 to peer 0x56510566b1a0 (17 bytes)
1676234165.730180 sending message 112 to peer 0x56510566b1a0 (5 bytes)
1676234165.730182 sending message 112 to peer 0x56510566b1a0 (9 bytes)
1676234165.730185 sending message 112 to peer 0x56510566b1a0 (15 bytes)
1676234165.730188 sending message 104 to peer 0x56510566b1a0 (0 bytes)
1676234165.730191 sending message 110 to peer 0x56510566b1a0 (0 bytes)
1676234165.730194 sending message 107 to peer 0x56510566b1a0 (4 bytes)
1676234165.730197 sending message 105 to peer 0x56510566b1a0 (11 bytes)
1676234165.730200 sending message 105 to peer 0x56510566b1a0 (26 bytes)
1676234165.730202 sending message 105 to peer 0x56510566b1a0 (19 bytes)
1676234165.730205 sending message 105 to peer 0x56510566b1a0 (22 bytes)
1676234165.730208 sending message 105 to peer 0x56510566b1a0 (58 bytes)
1676234165.730211 sending message 105 to peer 0x56510566b1a0 (20 bytes)
1676234165.730213 sending message 105 to peer 0x56510566b1a0 (25 bytes)
1676234165.730216 sending message 105 to peer 0x56510566b1a0 (16 bytes)
1676234165.730219 sending message 105 to peer 0x56510566b1a0 (32 bytes)
1676234165.730223 sending message 105 to peer 0x56510566b1a0 (15 bytes)
1676234165.730226 sending message 105 to peer 0x56510566b1a0 (34 bytes)
1676234165.730228 sending message 105 to peer 0x56510566b1a0 (19 bytes)
1676234165.730231 sending message 105 to peer 0x56510566b1a0 (29 bytes)
1676234165.730237 sending message 105 to peer 0x56510566b1a0 (25 bytes)
1676234165.730240 sending message 105 to peer 0x56510566b1a0 (54 bytes)
1676234165.730243 sending message 105 to peer 0x56510566b1a0 (15 bytes)
1676234165.730248 sending message 105 to peer 0x56510566b1a0 (22 bytes)
1676234165.730251 sending message 105 to peer 0x56510566b1a0 (17 bytes)
1676234165.730254 sending message 105 to peer 0x56510566b1a0 (30 bytes)
1676234165.730256 sending message 105 to peer 0x56510566b1a0 (29 bytes)
1676234165.730259 sending message 105 to peer 0x56510566b1a0 (52 bytes)
1676234165.730262 sending message 105 to peer 0x56510566b1a0 (23 bytes)
1676234165.730264 sending message 105 to peer 0x56510566b1a0 (16 bytes)
1676234165.730267 sending message 105 to peer 0x56510566b1a0 (80 bytes)
1676234165.730270 sending message 105 to peer 0x56510566b1a0 (8 bytes)
1676234165.730273 sending message 105 to peer 0x56510566b1a0 (21 bytes)
1676234165.730276 sending message 105 to peer 0x56510566b1a0 (11 bytes)
1676234165.730278 sending message 105 to peer 0x56510566b1a0 (17 bytes)
1676234165.730290 sending message 105 to peer 0x56510566b1a0 (31 bytes)
1676234165.730295 sending message 105 to peer 0x56510566b1a0 (50 bytes)
1676234165.730299 sending message 105 to peer 0x56510566b1a0 (30 bytes)
1676234165.730304 sending message 105 to peer 0x56510566b1a0 (350 bytes)
1676234165.730310 sending message 105 to peer 0x56510566b1a0 (20 bytes)
1676234165.730315 sending message 105 to peer 0x56510566b1a0 (54 bytes)
1676234165.730319 sending message 105 to peer 0x56510566b1a0 (32 bytes)
1676234165.730324 sending message 105 to peer 0x56510566b1a0 (16 bytes)
1676234165.730329 sending message 105 to peer 0x56510566b1a0 (18 bytes)
1676234165.730333 sending message 105 to peer 0x56510566b1a0 (17 bytes)
1676234165.730337 sending message 105 to peer 0x56510566b1a0 (20 bytes)
1676234165.730342 sending message 105 to peer 0x56510566b1a0 (17 bytes)
1676234165.730347 sending message 105 to peer 0x56510566b1a0 (60 bytes)
1676234165.730351 sending message 105 to peer 0x56510566b1a0 (33 bytes)
1676234165.730356 sending message 105 to peer 0x56510566b1a0 (38 bytes)
1676234165.730360 sending message 105 to peer 0x56510566b1a0 (32 bytes)
1676234165.730364 sending message 105 to peer 0x56510566b1a0 (11 bytes)
1676234165.730368 sending message 105 to peer 0x56510566b1a0 (11 bytes)
1676234165.730373 sending message 105 to peer 0x56510566b1a0 (36 bytes)
1676234165.730378 sending message 105 to peer 0x56510566b1a0 (15 bytes)
1676234165.730382 sending message 105 to peer 0x56510566b1a0 (15 bytes)
1676234165.730386 sending message 105 to peer 0x56510566b1a0 (24 bytes)
1676234165.730390 sending message 105 to peer 0x56510566b1a0 (41 bytes)
1676234165.730395 sending message 105 to peer 0x56510566b1a0 (46 bytes)
1676234165.730399 sending message 105 to peer 0x56510566b1a0 (12 bytes)
1676234165.730404 sending message 105 to peer 0x56510566b1a0 (20 bytes)
1676234165.730408 sending message 105 to peer 0x56510566b1a0 (32 bytes)
1676234165.730413 sending message 105 to peer 0x56510566b1a0 (11 bytes)
1676234165.730417 sending message 105 to peer 0x56510566b1a0 (8 bytes)
1676234165.730422 sending message 105 to peer 0x56510566b1a0 (32 bytes)
1676234165.730427 sending message 105 to peer 0x56510566b1a0 (1764 bytes)
1676234165.730440 sending message 105 to peer 0x56510566b1a0 (10 bytes)
1676234165.730445 sending message 105 to peer 0x56510566b1a0 (24 bytes)
1676234165.730449 sending message 105 to peer 0x56510566b1a0 (13 bytes)
1676234165.730454 sending message 105 to peer 0x56510566b1a0 (35 bytes)
1676234165.730459 sending message 105 to peer 0x56510566b1a0 (16 bytes)
1676234165.730463 sending message 105 to peer 0x56510566b1a0 (30 bytes)
1676234165.730467 sending message 105 to peer 0x56510566b1a0 (16 bytes)
1676234165.730471 sending message 105 to peer 0x56510566b1a0 (57 bytes)
1676234165.730476 sending message 105 to peer 0x56510566b1a0 (66 bytes)
1676234165.730480 sending message 106 to peer 0x56510566b1a0 (0 bytes)
1676234165.730521 sending message 200 to peer 0x56510566b1a0 (4 bytes)
1676234165.730531 client loop enter
1676234165.730544 client_signal: Child exited
1676234165.854241 peer 0x56510566b1a0 message 207
1676234165.854252 sending message 208 to peer 0x56510566b1a0 (0 bytes)
1676234169.510325 peer 0x56510566b1a0 message 203
1676234169.510355 sending message 205 to peer 0x56510566b1a0 (0 bytes)
1676234169.510795 peer 0x56510566b1a0 message 204
1676234169.510821 client loop exit
